TN:
SF:src\App.css
FNF:0
FNH:0
LF:0
LH:0
BRF:0
BRH:0
end_of_record
TN:
SF:src\App.jsx
FN:5,App
FN:9,(anonymous_1)
FN:10,(anonymous_2)
FN:29,(anonymous_3)
FNF:4
FNH:4
FNDA:3,App
FNDA:2,(anonymous_1)
FNDA:2,(anonymous_2)
FNDA:3,(anonymous_3)
DA:6,3
DA:7,3
DA:9,3
DA:10,2
DA:11,2
DA:12,2
DA:16,3
DA:30,3
LF:8
LH:8
BRDA:25,0,0,2
BRDA:25,0,1,1
BRF:2
BRH:2
end_of_record
TN:
SF:src\mockApi.js
FN:7,fetchUsers
FN:8,(anonymous_1)
FN:9,(anonymous_2)
FNF:3
FNH:3
FNDA:2,fetchUsers
FNDA:2,(anonymous_1)
FNDA:2,(anonymous_2)
DA:1,1
DA:8,2
DA:9,2
LF:3
LH:3
BRF:0
BRH:0
end_of_record
